  main.c
  lib.c
c:\users\home\documents\visual studio 2010\projects\book_manage\book_manage\lib.c(3): warning C4029: 선언된 정식 매개 변수 목록이 정의와 다릅니다.
c:\users\home\documents\visual studio 2010\projects\book_manage\book_manage\lib.c(12): warning C4996: 'strcpy': This function or variable may be unsafe. Consider using strcpy_s instead. To disable deprecation, use _CRT_SECURE_NO_WARNINGS. See online help for details.
          c:\visual studio 2010\vc\include\string.h(105) : 'strcpy' 선언을 참조하십시오.
c:\users\home\documents\visual studio 2010\projects\book_manage\book_manage\lib.c(31): warning C4996: 'scanf': This function or variable may be unsafe. Consider using scanf_s instead. To disable deprecation, use _CRT_SECURE_NO_WARNINGS. See online help for details.
          c:\visual studio 2010\vc\include\stdio.h(304) : 'scanf' 선언을 참조하십시오.
c:\users\home\documents\visual studio 2010\projects\book_manage\book_manage\lib.c(34): warning C4996: 'scanf': This function or variable may be unsafe. Consider using scanf_s instead. To disable deprecation, use _CRT_SECURE_NO_WARNINGS. See online help for details.
          c:\visual studio 2010\vc\include\stdio.h(304) : 'scanf' 선언을 참조하십시오.
c:\users\home\documents\visual studio 2010\projects\book_manage\book_manage\lib.c(37): warning C4996: 'scanf': This function or variable may be unsafe. Consider using scanf_s instead. To disable deprecation, use _CRT_SECURE_NO_WARNINGS. See online help for details.
          c:\visual studio 2010\vc\include\stdio.h(304) : 'scanf' 선언을 참조하십시오.
c:\users\home\documents\visual studio 2010\projects\book_manage\book_manage\lib.c(40): warning C4996: 'scanf': This function or variable may be unsafe. Consider using scanf_s instead. To disable deprecation, use _CRT_SECURE_NO_WARNINGS. See online help for details.
          c:\visual studio 2010\vc\include\stdio.h(304) : 'scanf' 선언을 참조하십시오.
c:\users\home\documents\visual studio 2010\projects\book_manage\book_manage\lib.c(44): warning C4996: 'scanf': This function or variable may be unsafe. Consider using scanf_s instead. To disable deprecation, use _CRT_SECURE_NO_WARNINGS. See online help for details.
          c:\visual studio 2010\vc\include\stdio.h(304) : 'scanf' 선언을 참조하십시오.
c:\users\home\documents\visual studio 2010\projects\book_manage\book_manage\lib.c(80): warning C4996: 'scanf': This function or variable may be unsafe. Consider using scanf_s instead. To disable deprecation, use _CRT_SECURE_NO_WARNINGS. See online help for details.
          c:\visual studio 2010\vc\include\stdio.h(304) : 'scanf' 선언을 참조하십시오.
c:\users\home\documents\visual studio 2010\projects\book_manage\book_manage\lib.c(95): warning C4996: 'scanf': This function or variable may be unsafe. Consider using scanf_s instead. To disable deprecation, use _CRT_SECURE_NO_WARNINGS. See online help for details.
          c:\visual studio 2010\vc\include\stdio.h(304) : 'scanf' 선언을 참조하십시오.
  코드를 생성하고 있습니다...
  book_manage.vcxproj -> c:\users\home\documents\visual studio 2010\Projects\book_manage\Debug\book_manage.exe
